<?xml version="1.0" encoding="UTF-8" ?>
<testsuite tests="31" failures="0" name="com.gildedrose.GildedRoseTest" time="0.013" errors="0" skipped="6">
  <properties>
[...]
</properties>
  <testcase classname="com.gildedrose.GildedRoseTest" name="testWithSulfurasAfterSellDate" time="0.004"/>
  <testcase classname="com.gildedrose.GildedRoseTest" name="testWithBackStagePasses_VeryCloseToSellDate" time="0"/>
  <testcase classname="com.gildedrose.GildedRoseTest" name="testWithConjured_BeforeSellDateWithZeroQuality" time="0">
    <skipped/>
  </testcase>
  <testcase classname="com.gildedrose.GildedRoseTest" name="testWithNormalItemQualityOfZero" time="0"/>
  <testcase classname="com.gildedrose.GildedRoseTest" name="testWithBackStagePasses_OnSellDate" time="0.001"/>
  <testcase classname="com.gildedrose.GildedRoseTest" name="testWithBackStagePasses_VeryCloseToSellDateLowerBoundMaxQuality" time="0"/>
  <testcase classname="com.gildedrose.GildedRoseTest" name="testWithConjured_AfterSellDate" time="0">
    <skipped/>
  </testcase>
  <testcase classname="com.gildedrose.GildedRoseTest" name="testWithNormalItemBeforeSellBuyDate" time="0"/>
  <testcase classname="com.gildedrose.GildedRoseTest" name="testWithBackStagePasses_MediumToCloseSellLowerBound" time="0.001"/>
  <testcase classname="com.gildedrose.GildedRoseTest" name="testWithBackStagePasses_LongBeforeSellDateWithMaxQuality" time="0"/>
  <testcase classname="com.gildedrose.GildedRoseTest" name="testWithNormalItemOnSellDate" time="0"/>
  <testcase classname="com.gildedrose.GildedRoseTest" name="testWithBackStagePasses_PastSellDate" time="0"/>
  <testcase classname="com.gildedrose.GildedRoseTest" name="testWithBackStagePasses_MediumToCloseSellLowerBoundMaxQuality" time="0"/>
  <testcase classname="com.gildedrose.GildedRoseTest" name="testWithAgedBrieBeforeSellDate" time="0"/>
  <testcase classname="com.gildedrose.GildedRoseTest" name="testWithConjured_OnSellDate" time="0.001">
    <skipped/>
  </testcase>
  <testcase classname="com.gildedrose.GildedRoseTest" name="testWithSulfurasBeforeSellDate" time="0"/>
  <testcase classname="com.gildedrose.GildedRoseTest" name="testWithAgedBriePastSellDateWithMaxQuality" time="0"/>
  <testcase classname="com.gildedrose.GildedRoseTest" name="testWithBackStagePasses_MediumCloseToCloseToSellDate" time="0"/>
  <testcase classname="com.gildedrose.GildedRoseTest" name="testWithAgedBriePastSellDate" time="0"/>
  <testcase classname="com.gildedrose.GildedRoseTest" name="testWithConjured_AfterSellDateWithZeroQuality" time="0">
    <skipped/>
  </testcase>
  <testcase classname="com.gildedrose.GildedRoseTest" name="testWithBackStagePasses_VeryCloseToSellDateLowerBound" time="0"/>
  <testcase classname="com.gildedrose.GildedRoseTest" name="testWithBackStagePasses_LongBeforeSellDate" time="0"/>
  <testcase classname="com.gildedrose.GildedRoseTest" name="testWithAgedBrieBeforeSellDateWithMaxQuality" time="0.001"/>
  <testcase classname="com.gildedrose.GildedRoseTest" name="testWithBackStagePasses_MediumToCloseSellDateWithMaxQuality" time="0"/>
  <testcase classname="com.gildedrose.GildedRoseTest" name="testWithConjured_BeforeSellDate" time="0.005">
    <skipped/>
  </testcase>
  <testcase classname="com.gildedrose.GildedRoseTest" name="testWithNormalItemPastSellDate" time="0"/>
  <testcase classname="com.gildedrose.GildedRoseTest" name="testWithBackStagePasses_VeryCloseToSellDateMaxQuality" time="0"/>
  <testcase classname="com.gildedrose.GildedRoseTest" name="testWithAgedBrieOnSellDate" time="0"/>
  <testcase classname="com.gildedrose.GildedRoseTest" name="testWithSulfurasOnSellDate" time="0"/>
  <testcase classname="com.gildedrose.GildedRoseTest" name="testWithAgedBrieOnSellDateWithMaxQuality" time="0"/>
  <testcase classname="com.gildedrose.GildedRoseTest" name="testWithConjured_OnSellDateAtZeroQuality" time="0">
    <skipped/>
  </testcase>
</testsuite>